{"/home/pstern/Exercises/Unit35/express-biztime/further-study/app.js": {"path":"/home/pstern/Exercises/Unit35/express-biztime/further-study/app.js","statementMap":{"0":{"start":{"line":4,"column":16},"end":{"line":4,"column":34}},"1":{"start":{"line":6,"column":12},"end":{"line":6,"column":21}},"2":{"start":{"line":7,"column":21},"end":{"line":7,"column":46}},"3":{"start":{"line":9,"column":0},"end":{"line":9,"column":24}},"4":{"start":{"line":11,"column":16},"end":{"line":11,"column":45}},"5":{"start":{"line":12,"column":16},"end":{"line":12,"column":44}},"6":{"start":{"line":13,"column":0},"end":{"line":13,"column":31}},"7":{"start":{"line":14,"column":0},"end":{"line":14,"column":30}},"8":{"start":{"line":18,"column":0},"end":{"line":21,"column":3}},"9":{"start":{"line":19,"column":14},"end":{"line":19,"column":48}},"10":{"start":{"line":20,"column":2},"end":{"line":20,"column":19}},"11":{"start":{"line":25,"column":0},"end":{"line":32,"column":3}},"12":{"start":{"line":26,"column":2},"end":{"line":26,"column":32}},"13":{"start":{"line":28,"column":2},"end":{"line":31,"column":5}},"14":{"start":{"line":34,"column":0},"end":{"line":34,"column":21}}},"fnMap":{"0":{"name":"(anonymous_0)","decl":{"start":{"line":18,"column":8},"end":{"line":18,"column":9}},"loc":{"start":{"line":18,"column":34},"end":{"line":21,"column":1}},"line":18},"1":{"name":"(anonymous_1)","decl":{"start":{"line":25,"column":8},"end":{"line":25,"column":9}},"loc":{"start":{"line":25,"column":33},"end":{"line":32,"column":1}},"line":25}},"branchMap":{"0":{"loc":{"start":{"line":26,"column":13},"end":{"line":26,"column":30}},"type":"binary-expr","locations":[{"start":{"line":26,"column":13},"end":{"line":26,"column":23}},{"start":{"line":26,"column":27},"end":{"line":26,"column":30}}],"line":26}},"s":{"0":2,"1":2,"2":2,"3":2,"4":2,"5":2,"6":2,"7":2,"8":2,"9":0,"10":0,"11":2,"12":8,"13":8,"14":2},"f":{"0":0,"1":8},"b":{"0":[8,2]},"_coverageSchema":"1a1c01bbd47fc00a2c39e90264f33305004495a9","hash":"ff593abe0c9411fe491bdd305af96f2a05b39916"}
,"/home/pstern/Exercises/Unit35/express-biztime/further-study/db.js": {"path":"/home/pstern/Exercises/Unit35/express-biztime/further-study/db.js","statementMap":{"0":{"start":{"line":3,"column":19},"end":{"line":3,"column":32}},"1":{"start":{"line":9,"column":0},"end":{"line":13,"column":1}},"2":{"start":{"line":10,"column":2},"end":{"line":10,"column":40}},"3":{"start":{"line":12,"column":2},"end":{"line":12,"column":35}},"4":{"start":{"line":15,"column":9},"end":{"line":17,"column":2}},"5":{"start":{"line":19,"column":0},"end":{"line":19,"column":13}},"6":{"start":{"line":21,"column":0},"end":{"line":21,"column":20}}},"fnMap":{},"branchMap":{"0":{"loc":{"start":{"line":9,"column":0},"end":{"line":13,"column":1}},"type":"if","locations":[{"start":{"line":9,"column":0},"end":{"line":13,"column":1}},{"start":{"line":11,"column":7},"end":{"line":13,"column":1}}],"line":9}},"s":{"0":2,"1":2,"2":2,"3":0,"4":2,"5":2,"6":2},"f":{},"b":{"0":[2,0]},"_coverageSchema":"1a1c01bbd47fc00a2c39e90264f33305004495a9","hash":"bc9f83fec189b79a20f10b658eb4d2fb90eb3431"}
,"/home/pstern/Exercises/Unit35/express-biztime/further-study/expressError.js": {"path":"/home/pstern/Exercises/Unit35/express-biztime/further-study/expressError.js","statementMap":{"0":{"start":{"line":9,"column":4},"end":{"line":9,"column":12}},"1":{"start":{"line":10,"column":4},"end":{"line":10,"column":27}},"2":{"start":{"line":11,"column":4},"end":{"line":11,"column":25}},"3":{"start":{"line":16,"column":0},"end":{"line":16,"column":30}}},"fnMap":{"0":{"name":"(anonymous_0)","decl":{"start":{"line":8,"column":2},"end":{"line":8,"column":3}},"loc":{"start":{"line":8,"column":31},"end":{"line":12,"column":3}},"line":8}},"branchMap":{},"s":{"0":6,"1":6,"2":6,"3":2},"f":{"0":6},"b":{},"_coverageSchema":"1a1c01bbd47fc00a2c39e90264f33305004495a9","hash":"d0872c67d1f88fa453dc4ba7ad2a48bd73887157"}
,"/home/pstern/Exercises/Unit35/express-biztime/further-study/routes/companies.js": {"path":"/home/pstern/Exercises/Unit35/express-biztime/further-study/routes/companies.js","statementMap":{"0":{"start":{"line":1,"column":16},"end":{"line":1,"column":34}},"1":{"start":{"line":2,"column":21},"end":{"line":2,"column":47}},"2":{"start":{"line":3,"column":15},"end":{"line":3,"column":31}},"3":{"start":{"line":4,"column":11},"end":{"line":4,"column":27}},"4":{"start":{"line":6,"column":0},"end":{"line":13,"column":2}},"5":{"start":{"line":7,"column":4},"end":{"line":12,"column":5}},"6":{"start":{"line":8,"column":24},"end":{"line":8,"column":65}},"7":{"start":{"line":9,"column":8},"end":{"line":9,"column":52}},"8":{"start":{"line":11,"column":8},"end":{"line":11,"column":23}},"9":{"start":{"line":14,"column":0},"end":{"line":42,"column":2}},"10":{"start":{"line":15,"column":4},"end":{"line":41,"column":5}},"11":{"start":{"line":16,"column":25},"end":{"line":16,"column":35}},"12":{"start":{"line":17,"column":24},"end":{"line":22,"column":38}},"13":{"start":{"line":23,"column":8},"end":{"line":25,"column":9}},"14":{"start":{"line":24,"column":12},"end":{"line":24,"column":82}},"15":{"start":{"line":27,"column":23},"end":{"line":27,"column":25}},"16":{"start":{"line":28,"column":8},"end":{"line":30,"column":9}},"17":{"start":{"line":28,"column":21},"end":{"line":28,"column":22}},"18":{"start":{"line":29,"column":12},"end":{"line":29,"column":45}},"19":{"start":{"line":31,"column":24},"end":{"line":36,"column":9}},"20":{"start":{"line":38,"column":8},"end":{"line":38,"column":47}},"21":{"start":{"line":40,"column":8},"end":{"line":40,"column":22}},"22":{"start":{"line":44,"column":0},"end":{"line":52,"column":2}},"23":{"start":{"line":45,"column":4},"end":{"line":51,"column":5}},"24":{"start":{"line":46,"column":44},"end":{"line":46,"column":52}},"25":{"start":{"line":47,"column":24},"end":{"line":47,"column":170}},"26":{"start":{"line":48,"column":8},"end":{"line":48,"column":65}},"27":{"start":{"line":50,"column":8},"end":{"line":50,"column":22}},"28":{"start":{"line":54,"column":0},"end":{"line":66,"column":2}},"29":{"start":{"line":55,"column":4},"end":{"line":65,"column":5}},"30":{"start":{"line":56,"column":25},"end":{"line":56,"column":35}},"31":{"start":{"line":57,"column":38},"end":{"line":57,"column":46}},"32":{"start":{"line":58,"column":24},"end":{"line":58,"column":161}},"33":{"start":{"line":59,"column":8},"end":{"line":61,"column":9}},"34":{"start":{"line":60,"column":12},"end":{"line":60,"column":84}},"35":{"start":{"line":62,"column":8},"end":{"line":62,"column":53}},"36":{"start":{"line":64,"column":8},"end":{"line":64,"column":22}},"37":{"start":{"line":68,"column":0},"end":{"line":81,"column":2}},"38":{"start":{"line":69,"column":4},"end":{"line":80,"column":5}},"39":{"start":{"line":70,"column":25},"end":{"line":70,"column":35}},"40":{"start":{"line":71,"column":24},"end":{"line":71,"column":87}},"41":{"start":{"line":72,"column":8},"end":{"line":77,"column":9}},"42":{"start":{"line":73,"column":12},"end":{"line":73,"column":50}},"43":{"start":{"line":76,"column":12},"end":{"line":76,"column":84}},"44":{"start":{"line":79,"column":8},"end":{"line":79,"column":22}},"45":{"start":{"line":83,"column":0},"end":{"line":83,"column":24}}},"fnMap":{"0":{"name":"(anonymous_0)","decl":{"start":{"line":6,"column":16},"end":{"line":6,"column":17}},"loc":{"start":{"line":6,"column":42},"end":{"line":13,"column":1}},"line":6},"1":{"name":"(anonymous_1)","decl":{"start":{"line":14,"column":21},"end":{"line":14,"column":22}},"loc":{"start":{"line":14,"column":47},"end":{"line":42,"column":1}},"line":14},"2":{"name":"(anonymous_2)","decl":{"start":{"line":44,"column":17},"end":{"line":44,"column":18}},"loc":{"start":{"line":44,"column":43},"end":{"line":52,"column":1}},"line":44},"3":{"name":"(anonymous_3)","decl":{"start":{"line":54,"column":21},"end":{"line":54,"column":22}},"loc":{"start":{"line":54,"column":47},"end":{"line":66,"column":1}},"line":54},"4":{"name":"(anonymous_4)","decl":{"start":{"line":68,"column":24},"end":{"line":68,"column":25}},"loc":{"start":{"line":68,"column":50},"end":{"line":81,"column":1}},"line":68}},"branchMap":{"0":{"loc":{"start":{"line":23,"column":8},"end":{"line":25,"column":9}},"type":"if","locations":[{"start":{"line":23,"column":8},"end":{"line":25,"column":9}},{"start":{},"end":{}}],"line":23},"1":{"loc":{"start":{"line":59,"column":8},"end":{"line":61,"column":9}},"type":"if","locations":[{"start":{"line":59,"column":8},"end":{"line":61,"column":9}},{"start":{},"end":{}}],"line":59},"2":{"loc":{"start":{"line":72,"column":8},"end":{"line":77,"column":9}},"type":"if","locations":[{"start":{"line":72,"column":8},"end":{"line":77,"column":9}},{"start":{"line":75,"column":13},"end":{"line":77,"column":9}}],"line":72}},"s":{"0":2,"1":2,"2":2,"3":2,"4":2,"5":1,"6":1,"7":1,"8":0,"9":2,"10":2,"11":2,"12":2,"13":2,"14":1,"15":1,"16":1,"17":1,"18":1,"19":1,"20":1,"21":1,"22":2,"23":2,"24":2,"25":2,"26":1,"27":1,"28":2,"29":5,"30":5,"31":5,"32":5,"33":5,"34":2,"35":3,"36":2,"37":2,"38":1,"39":1,"40":1,"41":1,"42":1,"43":0,"44":0,"45":2},"f":{"0":1,"1":2,"2":2,"3":5,"4":1},"b":{"0":[1,1],"1":[2,3],"2":[1,0]},"_coverageSchema":"1a1c01bbd47fc00a2c39e90264f33305004495a9","hash":"20a7ff98e5010fee2745a5118ceea9a95b7b7448"}
,"/home/pstern/Exercises/Unit35/express-biztime/further-study/routes/invoices.js": {"path":"/home/pstern/Exercises/Unit35/express-biztime/further-study/routes/invoices.js","statementMap":{"0":{"start":{"line":1,"column":16},"end":{"line":1,"column":34}},"1":{"start":{"line":2,"column":21},"end":{"line":2,"column":47}},"2":{"start":{"line":3,"column":15},"end":{"line":3,"column":31}},"3":{"start":{"line":4,"column":11},"end":{"line":4,"column":27}},"4":{"start":{"line":6,"column":0},"end":{"line":13,"column":2}},"5":{"start":{"line":7,"column":4},"end":{"line":12,"column":5}},"6":{"start":{"line":8,"column":24},"end":{"line":8,"column":64}},"7":{"start":{"line":9,"column":8},"end":{"line":9,"column":51}},"8":{"start":{"line":11,"column":8},"end":{"line":11,"column":23}},"9":{"start":{"line":14,"column":0},"end":{"line":45,"column":2}},"10":{"start":{"line":15,"column":4},"end":{"line":44,"column":5}},"11":{"start":{"line":16,"column":23},"end":{"line":16,"column":33}},"12":{"start":{"line":17,"column":24},"end":{"line":23,"column":36}},"13":{"start":{"line":25,"column":8},"end":{"line":27,"column":9}},"14":{"start":{"line":26,"column":12},"end":{"line":26,"column":78}},"15":{"start":{"line":28,"column":24},"end":{"line":40,"column":9}},"16":{"start":{"line":41,"column":8},"end":{"line":41,"column":47}},"17":{"start":{"line":43,"column":8},"end":{"line":43,"column":22}},"18":{"start":{"line":47,"column":0},"end":{"line":55,"column":2}},"19":{"start":{"line":48,"column":4},"end":{"line":54,"column":5}},"20":{"start":{"line":49,"column":35},"end":{"line":49,"column":43}},"21":{"start":{"line":50,"column":24},"end":{"line":50,"column":169}},"22":{"start":{"line":51,"column":8},"end":{"line":51,"column":65}},"23":{"start":{"line":53,"column":8},"end":{"line":53,"column":22}},"24":{"start":{"line":57,"column":0},"end":{"line":69,"column":2}},"25":{"start":{"line":58,"column":4},"end":{"line":68,"column":5}},"26":{"start":{"line":59,"column":23},"end":{"line":59,"column":33}},"27":{"start":{"line":60,"column":24},"end":{"line":60,"column":32}},"28":{"start":{"line":61,"column":24},"end":{"line":61,"column":147}},"29":{"start":{"line":62,"column":8},"end":{"line":64,"column":9}},"30":{"start":{"line":63,"column":12},"end":{"line":63,"column":80}},"31":{"start":{"line":65,"column":8},"end":{"line":65,"column":53}},"32":{"start":{"line":67,"column":8},"end":{"line":67,"column":22}},"33":{"start":{"line":71,"column":0},"end":{"line":84,"column":2}},"34":{"start":{"line":72,"column":4},"end":{"line":83,"column":5}},"35":{"start":{"line":73,"column":23},"end":{"line":73,"column":33}},"36":{"start":{"line":74,"column":24},"end":{"line":74,"column":82}},"37":{"start":{"line":75,"column":8},"end":{"line":80,"column":9}},"38":{"start":{"line":76,"column":12},"end":{"line":76,"column":50}},"39":{"start":{"line":79,"column":12},"end":{"line":79,"column":80}},"40":{"start":{"line":82,"column":8},"end":{"line":82,"column":22}},"41":{"start":{"line":86,"column":0},"end":{"line":86,"column":24}}},"fnMap":{"0":{"name":"(anonymous_0)","decl":{"start":{"line":6,"column":16},"end":{"line":6,"column":17}},"loc":{"start":{"line":6,"column":42},"end":{"line":13,"column":1}},"line":6},"1":{"name":"(anonymous_1)","decl":{"start":{"line":14,"column":19},"end":{"line":14,"column":20}},"loc":{"start":{"line":14,"column":45},"end":{"line":45,"column":1}},"line":14},"2":{"name":"(anonymous_2)","decl":{"start":{"line":47,"column":17},"end":{"line":47,"column":18}},"loc":{"start":{"line":47,"column":43},"end":{"line":55,"column":1}},"line":47},"3":{"name":"(anonymous_3)","decl":{"start":{"line":57,"column":19},"end":{"line":57,"column":20}},"loc":{"start":{"line":57,"column":45},"end":{"line":69,"column":1}},"line":57},"4":{"name":"(anonymous_4)","decl":{"start":{"line":71,"column":22},"end":{"line":71,"column":23}},"loc":{"start":{"line":71,"column":48},"end":{"line":84,"column":1}},"line":71}},"branchMap":{"0":{"loc":{"start":{"line":25,"column":8},"end":{"line":27,"column":9}},"type":"if","locations":[{"start":{"line":25,"column":8},"end":{"line":27,"column":9}},{"start":{},"end":{}}],"line":25},"1":{"loc":{"start":{"line":62,"column":8},"end":{"line":64,"column":9}},"type":"if","locations":[{"start":{"line":62,"column":8},"end":{"line":64,"column":9}},{"start":{},"end":{}}],"line":62},"2":{"loc":{"start":{"line":75,"column":8},"end":{"line":80,"column":9}},"type":"if","locations":[{"start":{"line":75,"column":8},"end":{"line":80,"column":9}},{"start":{"line":78,"column":13},"end":{"line":80,"column":9}}],"line":75}},"s":{"0":2,"1":2,"2":2,"3":2,"4":2,"5":1,"6":1,"7":1,"8":0,"9":2,"10":2,"11":2,"12":2,"13":2,"14":1,"15":1,"16":1,"17":1,"18":2,"19":2,"20":2,"21":2,"22":1,"23":1,"24":2,"25":3,"26":3,"27":3,"28":3,"29":3,"30":2,"31":1,"32":2,"33":2,"34":1,"35":1,"36":1,"37":1,"38":1,"39":0,"40":0,"41":2},"f":{"0":1,"1":2,"2":2,"3":3,"4":1},"b":{"0":[1,1],"1":[2,1],"2":[1,0]},"_coverageSchema":"1a1c01bbd47fc00a2c39e90264f33305004495a9","hash":"e2530ca3b10d1bb275ac6892b6b81d65323211a2"}
}
