TN:
SF:app.js
FN:18,(anonymous_0)
FN:25,(anonymous_1)
FNF:2
FNH:1
FNDA:0,(anonymous_0)
FNDA:8,(anonymous_1)
DA:4,2
DA:6,2
DA:7,2
DA:9,2
DA:11,2
DA:12,2
DA:13,2
DA:14,2
DA:18,2
DA:19,0
DA:20,0
DA:25,2
DA:26,8
DA:28,8
DA:34,2
LF:15
LH:13
BRDA:26,0,0,8
BRDA:26,0,1,2
BRF:2
BRH:2
end_of_record
TN:
SF:db.js
FNF:0
FNH:0
DA:3,2
DA:9,2
DA:10,2
DA:12,0
DA:15,2
DA:19,2
DA:21,2
LF:7
LH:6
BRDA:9,0,0,2
BRDA:9,0,1,0
BRF:2
BRH:1
end_of_record
TN:
SF:expressError.js
FN:8,(anonymous_0)
FNF:1
FNH:1
FNDA:6,(anonymous_0)
DA:9,6
DA:10,6
DA:11,6
DA:16,2
LF:4
LH:4
BRF:0
BRH:0
end_of_record
TN:
SF:routes/companies.js
FN:6,(anonymous_0)
FN:14,(anonymous_1)
FN:44,(anonymous_2)
FN:54,(anonymous_3)
FN:68,(anonymous_4)
FNF:5
FNH:5
FNDA:1,(anonymous_0)
FNDA:2,(anonymous_1)
FNDA:2,(anonymous_2)
FNDA:5,(anonymous_3)
FNDA:1,(anonymous_4)
DA:1,2
DA:2,2
DA:3,2
DA:4,2
DA:6,2
DA:7,1
DA:8,1
DA:9,1
DA:11,0
DA:14,2
DA:15,2
DA:16,2
DA:17,2
DA:23,2
DA:24,1
DA:27,1
DA:28,1
DA:29,1
DA:31,1
DA:38,1
DA:40,1
DA:44,2
DA:45,2
DA:46,2
DA:47,2
DA:48,1
DA:50,1
DA:54,2
DA:55,5
DA:56,5
DA:57,5
DA:58,5
DA:59,5
DA:60,2
DA:62,3
DA:64,2
DA:68,2
DA:69,1
DA:70,1
DA:71,1
DA:72,1
DA:73,1
DA:76,0
DA:79,0
DA:83,2
LF:45
LH:42
BRDA:23,0,0,1
BRDA:23,0,1,1
BRDA:59,1,0,2
BRDA:59,1,1,3
BRDA:72,2,0,1
BRDA:72,2,1,0
BRF:6
BRH:5
end_of_record
TN:
SF:routes/invoices.js
FN:6,(anonymous_0)
FN:14,(anonymous_1)
FN:47,(anonymous_2)
FN:57,(anonymous_3)
FN:71,(anonymous_4)
FNF:5
FNH:5
FNDA:1,(anonymous_0)
FNDA:2,(anonymous_1)
FNDA:2,(anonymous_2)
FNDA:3,(anonymous_3)
FNDA:1,(anonymous_4)
DA:1,2
DA:2,2
DA:3,2
DA:4,2
DA:6,2
DA:7,1
DA:8,1
DA:9,1
DA:11,0
DA:14,2
DA:15,2
DA:16,2
DA:17,2
DA:25,2
DA:26,1
DA:28,1
DA:41,1
DA:43,1
DA:47,2
DA:48,2
DA:49,2
DA:50,2
DA:51,1
DA:53,1
DA:57,2
DA:58,3
DA:59,3
DA:60,3
DA:61,3
DA:62,3
DA:63,2
DA:65,1
DA:67,2
DA:71,2
DA:72,1
DA:73,1
DA:74,1
DA:75,1
DA:76,1
DA:79,0
DA:82,0
DA:86,2
LF:42
LH:39
BRDA:25,0,0,1
BRDA:25,0,1,1
BRDA:62,1,0,2
BRDA:62,1,1,1
BRDA:75,2,0,1
BRDA:75,2,1,0
BRF:6
BRH:5
end_of_record
